<?xml version="1.0" encoding="UTF-8"?>
<coverage generated="1781187195921" clover="3.2.0">
  <project timestamp="1781187195921" name="All files">
    <metrics statements="320" coveredstatements="320" conditionals="61" coveredconditionals="60" methods="66" coveredmethods="66" elements="447" coveredelements="446" complexity="0" loc="320" ncloc="320" packages="9" files="24" classes="24"/>
    <package name="src">
      <metrics statements="20" coveredstatements="20" conditionals="0" coveredconditionals="0" methods="0" coveredmethods="0"/>
      <file name="app.ts" path="C:\Users\DraganaSavanovic\source\repos\e1-course\warehouse-inventory-system\backend\src\app.ts">
        <metrics statements="20" coveredstatements="20" conditionals="0" coveredconditionals="0" methods="0" coveredmethods="0"/>
        <line num="1" count="2" type="stmt"/>
        <line num="2" count="2" type="stmt"/>
        <line num="3" count="2" type="stmt"/>
        <line num="4" count="2" type="stmt"/>
        <line num="5" count="2" type="stmt"/>
        <line num="6" count="2" type="stmt"/>
        <line num="7" count="2" type="stmt"/>
        <line num="8" count="2" type="stmt"/>
        <line num="9" count="2" type="stmt"/>
        <line num="11" count="2" type="stmt"/>
        <line num="13" count="2" type="stmt"/>
        <line num="14" count="2" type="stmt"/>
        <line num="15" count="2" type="stmt"/>
        <line num="17" count="2" type="stmt"/>
        <line num="18" count="2" type="stmt"/>
        <line num="19" count="2" type="stmt"/>
        <line num="20" count="2" type="stmt"/>
        <line num="21" count="2" type="stmt"/>
        <line num="23" count="2" type="stmt"/>
        <line num="25" count="2" type="stmt"/>
      </file>
    </package>
    <package name="src.audit-log">
      <metrics statements="38" coveredstatements="38" conditionals="0" coveredconditionals="0" methods="11" coveredmethods="11"/>
      <file name="audit-log.controller.ts" path="C:\Users\DraganaSavanovic\source\repos\e1-course\warehouse-inventory-system\backend\src\audit-log\audit-log.controller.ts">
        <metrics statements="13" coveredstatements="13" conditionals="0" coveredconditionals="0" methods="3" coveredmethods="3"/>
        <line num="4" count="3" type="stmt"/>
        <line num="5" count="3" type="stmt"/>
        <line num="7" count="3" type="stmt"/>
        <line num="8" count="3" type="stmt"/>
        <line num="9" count="3" type="stmt"/>
        <line num="10" count="2" type="stmt"/>
        <line num="12" count="1" type="stmt"/>
        <line num="16" count="3" type="stmt"/>
        <line num="17" count="3" type="stmt"/>
        <line num="18" count="3" type="stmt"/>
        <line num="19" count="3" type="stmt"/>
        <line num="20" count="2" type="stmt"/>
        <line num="22" count="1" type="stmt"/>
      </file>
      <file name="audit-log.repository.ts" path="C:\Users\DraganaSavanovic\source\repos\e1-course\warehouse-inventory-system\backend\src\audit-log\audit-log.repository.ts">
        <metrics statements="10" coveredstatements="10" conditionals="0" coveredconditionals="0" methods="5" coveredmethods="5"/>
        <line num="1" count="8" type="stmt"/>
        <line num="12" count="4" type="stmt"/>
        <line num="30" count="6" type="stmt"/>
        <line num="40" count="8" type="stmt"/>
        <line num="42" count="4" type="stmt"/>
        <line num="43" count="4" type="stmt"/>
        <line num="47" count="3" type="stmt"/>
        <line num="51" count="3" type="stmt"/>
        <line num="55" count="4" type="stmt"/>
        <line num="60" count="4" type="stmt"/>
      </file>
      <file name="audit-log.routes.ts" path="C:\Users\DraganaSavanovic\source\repos\e1-course\warehouse-inventory-system\backend\src\audit-log\audit-log.routes.ts">
        <metrics statements="11" coveredstatements="11" conditionals="0" coveredconditionals="0" methods="0" coveredmethods="0"/>
        <line num="1" count="2" type="stmt"/>
        <line num="2" count="2" type="stmt"/>
        <line num="3" count="2" type="stmt"/>
        <line num="4" count="2" type="stmt"/>
        <line num="6" count="2" type="stmt"/>
        <line num="7" count="2" type="stmt"/>
        <line num="8" count="2" type="stmt"/>
        <line num="10" count="2" type="stmt"/>
        <line num="12" count="2" type="stmt"/>
        <line num="13" count="2" type="stmt"/>
        <line num="15" count="2" type="stmt"/>
      </file>
      <file name="audit-log.service.ts" path="C:\Users\DraganaSavanovic\source\repos\e1-course\warehouse-inventory-system\backend\src\audit-log\audit-log.service.ts">
        <metrics statements="4" coveredstatements="4" conditionals="0" coveredconditionals="0" methods="3" coveredmethods="3"/>
        <line num="4" count="5" type="stmt"/>
        <line num="5" count="7" type="stmt"/>
        <line num="8" count="5" type="stmt"/>
        <line num="12" count="5" type="stmt"/>
      </file>
    </package>
    <package name="src.categories">
      <metrics statements="67" coveredstatements="67" conditionals="4" coveredconditionals="4" methods="20" coveredmethods="20"/>
      <file name="category.controller.ts" path="C:\Users\DraganaSavanovic\source\repos\e1-course\warehouse-inventory-system\backend\src\categories\category.controller.ts">
        <metrics statements="29" coveredstatements="29" conditionals="0" coveredconditionals="0" methods="6" coveredmethods="6"/>
        <line num="4" count="3" type="stmt"/>
        <line num="5" count="3" type="stmt"/>
        <line num="7" count="3" type="stmt"/>
        <line num="8" count="3" type="stmt"/>
        <line num="9" count="3" type="stmt"/>
        <line num="10" count="2" type="stmt"/>
        <line num="12" count="1" type="stmt"/>
        <line num="16" count="3" type="stmt"/>
        <line num="17" count="3" type="stmt"/>
        <line num="18" count="3" type="stmt"/>
        <line num="19" count="2" type="stmt"/>
        <line num="21" count="1" type="stmt"/>
        <line num="25" count="3" type="stmt"/>
        <line num="26" count="3" type="stmt"/>
        <line num="27" count="3" type="stmt"/>
        <line num="28" count="2" type="stmt"/>
        <line num="30" count="1" type="stmt"/>
        <line num="34" count="3" type="stmt"/>
        <line num="35" count="4" type="stmt"/>
        <line num="36" count="4" type="stmt"/>
        <line num="37" count="4" type="stmt"/>
        <line num="38" count="2" type="stmt"/>
        <line num="40" count="2" type="stmt"/>
        <line num="44" count="3" type="stmt"/>
        <line num="45" count="4" type="stmt"/>
        <line num="46" count="4" type="stmt"/>
        <line num="47" count="4" type="stmt"/>
        <line num="48" count="2" type="stmt"/>
        <line num="50" count="2" type="stmt"/>
      </file>
      <file name="category.repository.ts" path="C:\Users\DraganaSavanovic\source\repos\e1-course\warehouse-inventory-system\backend\src\categories\category.repository.ts">
        <metrics statements="10" coveredstatements="10" conditionals="0" coveredconditionals="0" methods="8" coveredmethods="8"/>
        <line num="1" count="6" type="stmt"/>
        <line num="4" count="6" type="stmt"/>
        <line num="6" count="3" type="stmt"/>
        <line num="10" count="8" type="stmt"/>
        <line num="14" count="2" type="stmt"/>
        <line num="19" count="3" type="stmt"/>
        <line num="22" count="4" type="stmt"/>
        <line num="27" count="3" type="stmt"/>
        <line num="31" count="3" type="stmt"/>
        <line num="35" count="3" type="stmt"/>
      </file>
      <file name="category.routes.ts" path="C:\Users\DraganaSavanovic\source\repos\e1-course\warehouse-inventory-system\backend\src\categories\category.routes.ts">
        <metrics statements="14" coveredstatements="14" conditionals="0" coveredconditionals="0" methods="0" coveredmethods="0"/>
        <line num="1" count="2" type="stmt"/>
        <line num="2" count="2" type="stmt"/>
        <line num="3" count="2" type="stmt"/>
        <line num="4" count="2" type="stmt"/>
        <line num="6" count="2" type="stmt"/>
        <line num="7" count="2" type="stmt"/>
        <line num="8" count="2" type="stmt"/>
        <line num="10" count="2" type="stmt"/>
        <line num="12" count="2" type="stmt"/>
        <line num="13" count="2" type="stmt"/>
        <line num="14" count="2" type="stmt"/>
        <line num="15" count="2" type="stmt"/>
        <line num="16" count="2" type="stmt"/>
        <line num="18" count="2" type="stmt"/>
      </file>
      <file name="category.service.ts" path="C:\Users\DraganaSavanovic\source\repos\e1-course\warehouse-inventory-system\backend\src\categories\category.service.ts">
        <metrics statements="14" coveredstatements="14" conditionals="4" coveredconditionals="4" methods="6" coveredmethods="6"/>
        <line num="1" count="5" type="stmt"/>
        <line num="5" count="5" type="stmt"/>
        <line num="6" count="10" type="stmt"/>
        <line num="9" count="4" type="stmt"/>
        <line num="13" count="4" type="stmt"/>
        <line num="17" count="3" type="stmt"/>
        <line num="21" count="8" type="stmt"/>
        <line num="22" count="8" type="cond" truecount="2" falsecount="0"/>
        <line num="23" count="5" type="stmt"/>
        <line num="25" count="3" type="stmt"/>
        <line num="29" count="8" type="stmt"/>
        <line num="30" count="8" type="cond" truecount="2" falsecount="0"/>
        <line num="31" count="5" type="stmt"/>
        <line num="33" count="3" type="stmt"/>
      </file>
    </package>
    <package name="src.database">
      <metrics statements="5" coveredstatements="5" conditionals="2" coveredconditionals="2" methods="0" coveredmethods="0"/>
      <file name="database.client.ts" path="C:\Users\DraganaSavanovic\source\repos\e1-course\warehouse-inventory-system\backend\src\database\database.client.ts">
        <metrics statements="5" coveredstatements="5" conditionals="2" coveredconditionals="2" methods="0" coveredmethods="0"/>
        <line num="1" count="12" type="stmt"/>
        <line num="2" count="12" type="stmt"/>
        <line num="4" count="12" type="stmt"/>
        <line num="8" count="12" type="stmt"/>
        <line num="10" count="12" type="stmt"/>
      </file>
    </package>
    <package name="src.inventory">
      <metrics statements="51" coveredstatements="51" conditionals="10" coveredconditionals="10" methods="6" coveredmethods="6"/>
      <file name="inventory.controller.ts" path="C:\Users\DraganaSavanovic\source\repos\e1-course\warehouse-inventory-system\backend\src\inventory\inventory.controller.ts">
        <metrics statements="14" coveredstatements="14" conditionals="0" coveredconditionals="0" methods="3" coveredmethods="3"/>
        <line num="5" count="2" type="stmt"/>
        <line num="6" count="2" type="stmt"/>
        <line num="8" count="2" type="stmt"/>
        <line num="9" count="2" type="stmt"/>
        <line num="10" count="2" type="stmt"/>
        <line num="11" count="2" type="stmt"/>
        <line num="12" count="1" type="stmt"/>
        <line num="14" count="1" type="stmt"/>
        <line num="18" count="2" type="stmt"/>
        <line num="19" count="3" type="stmt"/>
        <line num="20" count="3" type="stmt"/>
        <line num="21" count="3" type="stmt"/>
        <line num="22" count="1" type="stmt"/>
        <line num="24" count="2" type="stmt"/>
      </file>
      <file name="inventory.routes.ts" path="C:\Users\DraganaSavanovic\source\repos\e1-course\warehouse-inventory-system\backend\src\inventory\inventory.routes.ts">
        <metrics statements="13" coveredstatements="13" conditionals="0" coveredconditionals="0" methods="0" coveredmethods="0"/>
        <line num="1" count="2" type="stmt"/>
        <line num="2" count="2" type="stmt"/>
        <line num="3" count="2" type="stmt"/>
        <line num="4" count="2" type="stmt"/>
        <line num="5" count="2" type="stmt"/>
        <line num="7" count="2" type="stmt"/>
        <line num="8" count="2" type="stmt"/>
        <line num="9" count="2" type="stmt"/>
        <line num="10" count="2" type="stmt"/>
        <line num="12" count="2" type="stmt"/>
        <line num="14" count="2" type="stmt"/>
        <line num="15" count="2" type="stmt"/>
        <line num="17" count="2" type="stmt"/>
      </file>
      <file name="inventory.service.ts" path="C:\Users\DraganaSavanovic\source\repos\e1-course\warehouse-inventory-system\backend\src\inventory\inventory.service.ts">
        <metrics statements="24" coveredstatements="24" conditionals="10" coveredconditionals="10" methods="3" coveredmethods="3"/>
        <line num="1" count="4" type="stmt"/>
        <line num="6" count="4" type="stmt"/>
        <line num="8" count="8" type="stmt"/>
        <line num="9" count="8" type="stmt"/>
        <line num="13" count="12" type="cond" truecount="2" falsecount="0"/>
        <line num="14" count="4" type="stmt"/>
        <line num="16" count="8" type="stmt"/>
        <line num="17" count="8" type="cond" truecount="2" falsecount="0"/>
        <line num="18" count="5" type="stmt"/>
        <line num="20" count="3" type="stmt"/>
        <line num="21" count="3" type="stmt"/>
        <line num="22" count="3" type="stmt"/>
        <line num="28" count="3" type="stmt"/>
        <line num="32" count="16" type="cond" truecount="2" falsecount="0"/>
        <line num="33" count="4" type="stmt"/>
        <line num="35" count="12" type="stmt"/>
        <line num="36" count="12" type="cond" truecount="2" falsecount="0"/>
        <line num="37" count="4" type="stmt"/>
        <line num="39" count="8" type="stmt"/>
        <line num="40" count="8" type="cond" truecount="2" falsecount="0"/>
        <line num="41" count="4" type="stmt"/>
        <line num="43" count="4" type="stmt"/>
        <line num="44" count="4" type="stmt"/>
        <line num="50" count="4" type="stmt"/>
      </file>
    </package>
    <package name="src.middleware">
      <metrics statements="21" coveredstatements="21" conditionals="5" coveredconditionals="5" methods="4" coveredmethods="4"/>
      <file name="error.middleware.ts" path="C:\Users\DraganaSavanovic\source\repos\e1-course\warehouse-inventory-system\backend\src\middleware\error.middleware.ts">
        <metrics statements="15" coveredstatements="15" conditionals="5" coveredconditionals="5" methods="2" coveredmethods="2"/>
        <line num="2" count="12" type="stmt"/>
        <line num="4" count="12" type="stmt"/>
        <line num="6" count="52" type="stmt"/>
        <line num="8" count="52" type="cond" truecount="1" falsecount="0"/>
        <line num="10" count="52" type="stmt"/>
        <line num="11" count="52" type="stmt"/>
        <line num="15" count="12" type="stmt"/>
        <line num="21" count="14" type="cond" truecount="2" falsecount="0"/>
        <line num="22" count="12" type="cond" truecount="2" falsecount="0"/>
        <line num="23" count="3" type="stmt"/>
        <line num="25" count="9" type="stmt"/>
        <line num="27" count="12" type="stmt"/>
        <line num="28" count="12" type="stmt"/>
        <line num="31" count="2" type="stmt"/>
        <line num="32" count="2" type="stmt"/>
      </file>
      <file name="request.logger.middleware.ts" path="C:\Users\DraganaSavanovic\source\repos\e1-course\warehouse-inventory-system\backend\src\middleware\request.logger.middleware.ts">
        <metrics statements="6" coveredstatements="6" conditionals="0" coveredconditionals="0" methods="2" coveredmethods="2"/>
        <line num="2" count="3" type="stmt"/>
        <line num="4" count="3" type="stmt"/>
        <line num="9" count="28" type="stmt"/>
        <line num="11" count="28" type="stmt"/>
        <line num="12" count="27" type="stmt"/>
        <line num="20" count="28" type="stmt"/>
      </file>
    </package>
    <package name="src.products">
      <metrics statements="91" coveredstatements="91" conditionals="40" coveredconditionals="39" methods="18" coveredmethods="18"/>
      <file name="product.controller.ts" path="C:\Users\DraganaSavanovic\source\repos\e1-course\warehouse-inventory-system\backend\src\products\product.controller.ts">
        <metrics statements="42" coveredstatements="42" conditionals="18" coveredconditionals="18" methods="6" coveredmethods="6"/>
        <line num="6" count="3" type="stmt"/>
        <line num="7" count="3" type="stmt"/>
        <line num="9" count="3" type="stmt"/>
        <line num="10" count="10" type="stmt"/>
        <line num="11" count="10" type="stmt"/>
        <line num="12" count="10" type="cond" truecount="2" falsecount="0"/>
        <line num="13" count="10" type="cond" truecount="2" falsecount="0"/>
        <line num="14" count="10" type="cond" truecount="2" falsecount="0"/>
        <line num="15" count="10" type="cond" truecount="2" falsecount="0"/>
        <line num="16" count="10" type="stmt"/>
        <line num="17" count="10" type="cond" truecount="2" falsecount="0"/>
        <line num="18" count="10" type="cond" truecount="2" falsecount="0"/>
        <line num="19" count="10" type="stmt"/>
        <line num="20" count="10" type="cond" truecount="2" falsecount="0"/>
        <line num="21" count="10" type="cond" truecount="2" falsecount="0"/>
        <line num="22" count="10" type="cond" truecount="2" falsecount="0"/>
        <line num="23" count="10" type="stmt"/>
        <line num="24" count="9" type="stmt"/>
        <line num="26" count="1" type="stmt"/>
        <line num="30" count="3" type="stmt"/>
        <line num="31" count="4" type="stmt"/>
        <line num="32" count="4" type="stmt"/>
        <line num="33" count="4" type="stmt"/>
        <line num="34" count="2" type="stmt"/>
        <line num="36" count="2" type="stmt"/>
        <line num="40" count="3" type="stmt"/>
        <line num="41" count="3" type="stmt"/>
        <line num="42" count="3" type="stmt"/>
        <line num="43" count="2" type="stmt"/>
        <line num="45" count="1" type="stmt"/>
        <line num="49" count="3" type="stmt"/>
        <line num="50" count="4" type="stmt"/>
        <line num="51" count="4" type="stmt"/>
        <line num="52" count="4" type="stmt"/>
        <line num="53" count="2" type="stmt"/>
        <line num="55" count="2" type="stmt"/>
        <line num="59" count="3" type="stmt"/>
        <line num="60" count="4" type="stmt"/>
        <line num="61" count="4" type="stmt"/>
        <line num="62" count="4" type="stmt"/>
        <line num="63" count="2" type="stmt"/>
        <line num="65" count="2" type="stmt"/>
      </file>
      <file name="product.repository.ts" path="C:\Users\DraganaSavanovic\source\repos\e1-course\warehouse-inventory-system\backend\src\products\product.repository.ts">
        <metrics statements="18" coveredstatements="18" conditionals="15" coveredconditionals="14" methods="6" coveredmethods="6"/>
        <line num="1" count="8" type="stmt"/>
        <line num="4" count="8" type="stmt"/>
        <line num="6" count="10" type="stmt"/>
        <line num="7" count="10" type="cond" truecount="2" falsecount="0"/>
        <line num="8" count="10" type="cond" truecount="2" falsecount="0"/>
        <line num="9" count="10" type="cond" truecount="2" falsecount="0"/>
        <line num="11" count="10" type="stmt"/>
        <line num="12" count="10" type="cond" truecount="3" falsecount="1"/>
        <line num="14" count="10" type="cond" truecount="2" falsecount="0"/>
        <line num="15" count="10" type="cond" truecount="2" falsecount="0"/>
        <line num="16" count="10" type="stmt"/>
        <line num="18" count="10" type="stmt"/>
        <line num="23" count="10" type="stmt"/>
        <line num="27" count="15" type="stmt"/>
        <line num="31" count="3" type="stmt"/>
        <line num="35" count="3" type="stmt"/>
        <line num="39" count="4" type="stmt"/>
        <line num="43" count="3" type="stmt"/>
      </file>
      <file name="product.routes.ts" path="C:\Users\DraganaSavanovic\source\repos\e1-course\warehouse-inventory-system\backend\src\products\product.routes.ts">
        <metrics statements="14" coveredstatements="14" conditionals="0" coveredconditionals="0" methods="0" coveredmethods="0"/>
        <line num="1" count="2" type="stmt"/>
        <line num="2" count="2" type="stmt"/>
        <line num="3" count="2" type="stmt"/>
        <line num="4" count="2" type="stmt"/>
        <line num="6" count="2" type="stmt"/>
        <line num="7" count="2" type="stmt"/>
        <line num="8" count="2" type="stmt"/>
        <line num="10" count="2" type="stmt"/>
        <line num="12" count="2" type="stmt"/>
        <line num="13" count="2" type="stmt"/>
        <line num="14" count="2" type="stmt"/>
        <line num="15" count="2" type="stmt"/>
        <line num="16" count="2" type="stmt"/>
        <line num="18" count="2" type="stmt"/>
      </file>
      <file name="product.service.ts" path="C:\Users\DraganaSavanovic\source\repos\e1-course\warehouse-inventory-system\backend\src\products\product.service.ts">
        <metrics statements="17" coveredstatements="17" conditionals="7" coveredconditionals="7" methods="6" coveredmethods="6"/>
        <line num="1" count="5" type="stmt"/>
        <line num="5" count="5" type="stmt"/>
        <line num="6" count="12" type="stmt"/>
        <line num="9" count="10" type="stmt"/>
        <line num="13" count="8" type="stmt"/>
        <line num="14" count="8" type="cond" truecount="2" falsecount="0"/>
        <line num="15" count="5" type="stmt"/>
        <line num="17" count="3" type="stmt"/>
        <line num="21" count="3" type="stmt"/>
        <line num="25" count="7" type="stmt"/>
        <line num="26" count="7" type="cond" truecount="2" falsecount="0"/>
        <line num="27" count="4" type="stmt"/>
        <line num="29" count="3" type="stmt"/>
        <line num="33" count="7" type="stmt"/>
        <line num="34" count="7" type="cond" truecount="2" falsecount="0"/>
        <line num="35" count="4" type="stmt"/>
        <line num="37" count="3" type="stmt"/>
      </file>
    </package>
    <package name="src.reports">
      <metrics statements="25" coveredstatements="25" conditionals="0" coveredconditionals="0" methods="7" coveredmethods="7"/>
      <file name="report.controller.ts" path="C:\Users\DraganaSavanovic\source\repos\e1-course\warehouse-inventory-system\backend\src\reports\report.controller.ts">
        <metrics statements="7" coveredstatements="7" conditionals="0" coveredconditionals="0" methods="2" coveredmethods="2"/>
        <line num="4" count="3" type="stmt"/>
        <line num="5" count="3" type="stmt"/>
        <line num="7" count="3" type="stmt"/>
        <line num="8" count="2" type="stmt"/>
        <line num="9" count="2" type="stmt"/>
        <line num="10" count="1" type="stmt"/>
        <line num="12" count="1" type="stmt"/>
      </file>
      <file name="report.repository.ts" path="C:\Users\DraganaSavanovic\source\repos\e1-course\warehouse-inventory-system\backend\src\reports\report.repository.ts">
        <metrics statements="5" coveredstatements="5" conditionals="0" coveredconditionals="0" methods="3" coveredmethods="3"/>
        <line num="1" count="4" type="stmt"/>
        <line num="4" count="4" type="stmt"/>
        <line num="6" count="3" type="stmt"/>
        <line num="11" count="3" type="stmt"/>
        <line num="13" count="3" type="stmt"/>
      </file>
      <file name="report.routes.ts" path="C:\Users\DraganaSavanovic\source\repos\e1-course\warehouse-inventory-system\backend\src\reports\report.routes.ts">
        <metrics statements="10" coveredstatements="10" conditionals="0" coveredconditionals="0" methods="0" coveredmethods="0"/>
        <line num="1" count="2" type="stmt"/>
        <line num="2" count="2" type="stmt"/>
        <line num="3" count="2" type="stmt"/>
        <line num="4" count="2" type="stmt"/>
        <line num="6" count="2" type="stmt"/>
        <line num="7" count="2" type="stmt"/>
        <line num="8" count="2" type="stmt"/>
        <line num="10" count="2" type="stmt"/>
        <line num="12" count="2" type="stmt"/>
        <line num="14" count="2" type="stmt"/>
      </file>
      <file name="report.service.ts" path="C:\Users\DraganaSavanovic\source\repos\e1-course\warehouse-inventory-system\backend\src\reports\report.service.ts">
        <metrics statements="3" coveredstatements="3" conditionals="0" coveredconditionals="0" methods="2" coveredmethods="2"/>
        <line num="4" count="4" type="stmt"/>
        <line num="5" count="3" type="stmt"/>
        <line num="8" count="3" type="stmt"/>
      </file>
    </package>
    <package name="src.utils">
      <metrics statements="2" coveredstatements="2" conditionals="0" coveredconditionals="0" methods="0" coveredmethods="0"/>
      <file name="logger.ts" path="C:\Users\DraganaSavanovic\source\repos\e1-course\warehouse-inventory-system\backend\src\utils\logger.ts">
        <metrics statements="2" coveredstatements="2" conditionals="0" coveredconditionals="0" methods="0" coveredmethods="0"/>
        <line num="1" count="9" type="stmt"/>
        <line num="3" count="9" type="stmt"/>
      </file>
    </package>
  </project>
</coverage>
