{"C:\\Users\\DraganaSavanovic\\source\\repos\\e1-course\\warehouse-inventory-system\\backend\\src\\app.ts": {"path":"C:\\Users\\DraganaSavanovic\\source\\repos\\e1-course\\warehouse-inventory-system\\backend\\src\\app.ts","statementMap":{"0":{"start":{"line":1,"column":0},"end":{"line":1,"column":30}},"1":{"start":{"line":2,"column":0},"end":{"line":2,"column":24}},"2":{"start":{"line":3,"column":0},"end":{"line":3,"column":71}},"3":{"start":{"line":4,"column":0},"end":{"line":4,"column":64}},"4":{"start":{"line":5,"column":0},"end":{"line":5,"column":58}},"5":{"start":{"line":6,"column":0},"end":{"line":6,"column":54}},"6":{"start":{"line":7,"column":0},"end":{"line":7,"column":59}},"7":{"start":{"line":8,"column":0},"end":{"line":8,"column":58}},"8":{"start":{"line":10,"column":12},"end":{"line":10,"column":21}},"9":{"start":{"line":12,"column":0},"end":{"line":12,"column":16}},"10":{"start":{"line":13,"column":0},"end":{"line":13,"column":24}},"11":{"start":{"line":14,"column":0},"end":{"line":14,"column":23}},"12":{"start":{"line":16,"column":0},"end":{"line":16,"column":39}},"13":{"start":{"line":17,"column":0},"end":{"line":17,"column":36}},"14":{"start":{"line":18,"column":0},"end":{"line":18,"column":39}},"15":{"start":{"line":19,"column":0},"end":{"line":19,"column":36}},"16":{"start":{"line":21,"column":0},"end":{"line":21,"column":25}},"17":{"start":{"line":23,"column":0},"end":{"line":23,"column":19}}},"fnMap":{},"branchMap":{},"s":{"0":2,"1":2,"2":2,"3":2,"4":2,"5":2,"6":2,"7":2,"8":2,"9":2,"10":2,"11":2,"12":2,"13":2,"14":2,"15":2,"16":2,"17":2},"f":{},"b":{}}
,"C:\\Users\\DraganaSavanovic\\source\\repos\\e1-course\\warehouse-inventory-system\\backend\\src\\audit-log\\audit-log.controller.ts": {"path":"C:\\Users\\DraganaSavanovic\\source\\repos\\e1-course\\warehouse-inventory-system\\backend\\src\\audit-log\\audit-log.controller.ts","statementMap":{"0":{"start":{"line":5,"column":31},"end":{"line":5,"column":55}},"1":{"start":{"line":7,"column":2},"end":{"line":14,"column":4}},"2":{"start":{"line":8,"column":4},"end":{"line":13,"column":5}},"3":{"start":{"line":9,"column":22},"end":{"line":9,"column":49}},"4":{"start":{"line":10,"column":6},"end":{"line":10,"column":24}},"5":{"start":{"line":12,"column":6},"end":{"line":12,"column":18}},"6":{"start":{"line":16,"column":2},"end":{"line":24,"column":4}},"7":{"start":{"line":17,"column":4},"end":{"line":23,"column":5}},"8":{"start":{"line":18,"column":24},"end":{"line":18,"column":55}},"9":{"start":{"line":19,"column":22},"end":{"line":19,"column":66}},"10":{"start":{"line":20,"column":6},"end":{"line":20,"column":24}},"11":{"start":{"line":22,"column":6},"end":{"line":22,"column":18}},"12":{"start":{"line":4,"column":0},"end":{"line":4,"column":13}}},"fnMap":{"0":{"name":"(anonymous_0)","decl":{"start":{"line":5,"column":2},"end":{"line":5,"column":31}},"loc":{"start":{"line":5,"column":55},"end":{"line":5,"column":59}}},"1":{"name":"(anonymous_1)","decl":{"start":{"line":7,"column":11},"end":{"line":7,"column":16}},"loc":{"start":{"line":7,"column":85},"end":{"line":14,"column":3}}},"2":{"name":"(anonymous_2)","decl":{"start":{"line":16,"column":19},"end":{"line":16,"column":24}},"loc":{"start":{"line":16,"column":92},"end":{"line":24,"column":3}}}},"branchMap":{},"s":{"0":2,"1":2,"2":1,"3":1,"4":1,"5":0,"6":2,"7":1,"8":1,"9":1,"10":1,"11":0,"12":2},"f":{"0":2,"1":1,"2":1},"b":{}}
,"C:\\Users\\DraganaSavanovic\\source\\repos\\e1-course\\warehouse-inventory-system\\backend\\src\\audit-log\\audit-log.repository.ts": {"path":"C:\\Users\\DraganaSavanovic\\source\\repos\\e1-course\\warehouse-inventory-system\\backend\\src\\audit-log\\audit-log.repository.ts","statementMap":{"0":{"start":{"line":1,"column":0},"end":{"line":1,"column":49}},"1":{"start":{"line":6,"column":18},"end":{"line":6,"column":69}},"2":{"start":{"line":7,"column":4},"end":{"line":7,"column":34}},"3":{"start":{"line":11,"column":20},"end":{"line":11,"column":94}},"4":{"start":{"line":12,"column":4},"end":{"line":12,"column":38}},"5":{"start":{"line":16,"column":20},"end":{"line":19,"column":6}},"6":{"start":{"line":20,"column":4},"end":{"line":20,"column":38}},"7":{"start":{"line":4,"column":0},"end":{"line":4,"column":13}}},"fnMap":{"0":{"name":"(anonymous_1)","decl":{"start":{"line":5,"column":2},"end":{"line":5,"column":7}},"loc":{"start":{"line":5,"column":37},"end":{"line":8,"column":3}}},"1":{"name":"(anonymous_2)","decl":{"start":{"line":10,"column":2},"end":{"line":10,"column":7}},"loc":{"start":{"line":10,"column":15},"end":{"line":13,"column":3}}},"2":{"name":"(anonymous_3)","decl":{"start":{"line":15,"column":2},"end":{"line":15,"column":7}},"loc":{"start":{"line":15,"column":41},"end":{"line":21,"column":3}}}},"branchMap":{},"s":{"0":8,"1":4,"2":4,"3":3,"4":3,"5":4,"6":4,"7":8},"f":{"0":4,"1":3,"2":4},"b":{}}
,"C:\\Users\\DraganaSavanovic\\source\\repos\\e1-course\\warehouse-inventory-system\\backend\\src\\audit-log\\audit-log.routes.ts": {"path":"C:\\Users\\DraganaSavanovic\\source\\repos\\e1-course\\warehouse-inventory-system\\backend\\src\\audit-log\\audit-log.routes.ts","statementMap":{"0":{"start":{"line":1,"column":0},"end":{"line":1,"column":33}},"1":{"start":{"line":2,"column":0},"end":{"line":2,"column":60}},"2":{"start":{"line":3,"column":0},"end":{"line":3,"column":54}},"3":{"start":{"line":4,"column":0},"end":{"line":4,"column":60}},"4":{"start":{"line":6,"column":19},"end":{"line":6,"column":43}},"5":{"start":{"line":7,"column":16},"end":{"line":7,"column":47}},"6":{"start":{"line":8,"column":19},"end":{"line":8,"column":50}},"7":{"start":{"line":10,"column":15},"end":{"line":10,"column":23}},"8":{"start":{"line":12,"column":0},"end":{"line":12,"column":41}},"9":{"start":{"line":13,"column":0},"end":{"line":13,"column":53}},"10":{"start":{"line":15,"column":0},"end":{"line":15,"column":22}}},"fnMap":{},"branchMap":{},"s":{"0":2,"1":2,"2":2,"3":2,"4":2,"5":2,"6":2,"7":2,"8":2,"9":2,"10":2},"f":{},"b":{}}
,"C:\\Users\\DraganaSavanovic\\source\\repos\\e1-course\\warehouse-inventory-system\\backend\\src\\audit-log\\audit-log.service.ts": {"path":"C:\\Users\\DraganaSavanovic\\source\\repos\\e1-course\\warehouse-inventory-system\\backend\\src\\audit-log\\audit-log.service.ts","statementMap":{"0":{"start":{"line":5,"column":31},"end":{"line":5,"column":61}},"1":{"start":{"line":8,"column":4},"end":{"line":8,"column":37}},"2":{"start":{"line":12,"column":4},"end":{"line":12,"column":54}},"3":{"start":{"line":4,"column":0},"end":{"line":4,"column":13}}},"fnMap":{"0":{"name":"(anonymous_0)","decl":{"start":{"line":5,"column":2},"end":{"line":5,"column":31}},"loc":{"start":{"line":5,"column":61},"end":{"line":5,"column":65}}},"1":{"name":"(anonymous_1)","decl":{"start":{"line":7,"column":2},"end":{"line":7,"column":7}},"loc":{"start":{"line":7,"column":14},"end":{"line":9,"column":3}}},"2":{"name":"(anonymous_2)","decl":{"start":{"line":11,"column":2},"end":{"line":11,"column":7}},"loc":{"start":{"line":11,"column":40},"end":{"line":13,"column":3}}}},"branchMap":{},"s":{"0":7,"1":5,"2":5,"3":4},"f":{"0":7,"1":5,"2":5},"b":{}}
,"C:\\Users\\DraganaSavanovic\\source\\repos\\e1-course\\warehouse-inventory-system\\backend\\src\\categories\\category.controller.ts": {"path":"C:\\Users\\DraganaSavanovic\\source\\repos\\e1-course\\warehouse-inventory-system\\backend\\src\\categories\\category.controller.ts","statementMap":{"0":{"start":{"line":5,"column":31},"end":{"line":5,"column":55}},"1":{"start":{"line":7,"column":2},"end":{"line":14,"column":4}},"2":{"start":{"line":8,"column":4},"end":{"line":13,"column":5}},"3":{"start":{"line":9,"column":25},"end":{"line":9,"column":52}},"4":{"start":{"line":10,"column":6},"end":{"line":10,"column":27}},"5":{"start":{"line":12,"column":6},"end":{"line":12,"column":18}},"6":{"start":{"line":16,"column":2},"end":{"line":23,"column":4}},"7":{"start":{"line":17,"column":4},"end":{"line":22,"column":5}},"8":{"start":{"line":18,"column":22},"end":{"line":18,"column":53}},"9":{"start":{"line":19,"column":6},"end":{"line":19,"column":24}},"10":{"start":{"line":21,"column":6},"end":{"line":21,"column":18}},"11":{"start":{"line":25,"column":2},"end":{"line":32,"column":4}},"12":{"start":{"line":26,"column":4},"end":{"line":31,"column":5}},"13":{"start":{"line":27,"column":23},"end":{"line":27,"column":78}},"14":{"start":{"line":28,"column":6},"end":{"line":28,"column":37}},"15":{"start":{"line":30,"column":6},"end":{"line":30,"column":18}},"16":{"start":{"line":34,"column":2},"end":{"line":42,"column":4}},"17":{"start":{"line":35,"column":4},"end":{"line":41,"column":5}},"18":{"start":{"line":36,"column":17},"end":{"line":36,"column":41}},"19":{"start":{"line":37,"column":23},"end":{"line":37,"column":82}},"20":{"start":{"line":38,"column":6},"end":{"line":38,"column":25}},"21":{"start":{"line":40,"column":6},"end":{"line":40,"column":18}},"22":{"start":{"line":44,"column":2},"end":{"line":52,"column":4}},"23":{"start":{"line":45,"column":4},"end":{"line":51,"column":5}},"24":{"start":{"line":46,"column":17},"end":{"line":46,"column":41}},"25":{"start":{"line":47,"column":6},"end":{"line":47,"column":36}},"26":{"start":{"line":48,"column":6},"end":{"line":48,"column":29}},"27":{"start":{"line":50,"column":6},"end":{"line":50,"column":18}},"28":{"start":{"line":4,"column":0},"end":{"line":4,"column":13}}},"fnMap":{"0":{"name":"(anonymous_0)","decl":{"start":{"line":5,"column":2},"end":{"line":5,"column":31}},"loc":{"start":{"line":5,"column":55},"end":{"line":5,"column":59}}},"1":{"name":"(anonymous_1)","decl":{"start":{"line":7,"column":11},"end":{"line":7,"column":16}},"loc":{"start":{"line":7,"column":85},"end":{"line":14,"column":3}}},"2":{"name":"(anonymous_2)","decl":{"start":{"line":16,"column":15},"end":{"line":16,"column":20}},"loc":{"start":{"line":16,"column":89},"end":{"line":23,"column":3}}},"3":{"name":"(anonymous_3)","decl":{"start":{"line":25,"column":11},"end":{"line":25,"column":16}},"loc":{"start":{"line":25,"column":84},"end":{"line":32,"column":3}}},"4":{"name":"(anonymous_4)","decl":{"start":{"line":34,"column":11},"end":{"line":34,"column":16}},"loc":{"start":{"line":34,"column":84},"end":{"line":42,"column":3}}},"5":{"name":"(anonymous_5)","decl":{"start":{"line":44,"column":11},"end":{"line":44,"column":16}},"loc":{"start":{"line":44,"column":84},"end":{"line":52,"column":3}}}},"branchMap":{},"s":{"0":2,"1":2,"2":1,"3":1,"4":1,"5":0,"6":2,"7":1,"8":1,"9":1,"10":0,"11":2,"12":1,"13":1,"14":1,"15":0,"16":2,"17":2,"18":2,"19":2,"20":1,"21":1,"22":2,"23":2,"24":2,"25":2,"26":1,"27":1,"28":2},"f":{"0":2,"1":1,"2":1,"3":1,"4":2,"5":2},"b":{}}
,"C:\\Users\\DraganaSavanovic\\source\\repos\\e1-course\\warehouse-inventory-system\\backend\\src\\categories\\category.repository.ts": {"path":"C:\\Users\\DraganaSavanovic\\source\\repos\\e1-course\\warehouse-inventory-system\\backend\\src\\categories\\category.repository.ts","statementMap":{"0":{"start":{"line":1,"column":0},"end":{"line":1,"column":49}},"1":{"start":{"line":6,"column":4},"end":{"line":6,"column":38}},"2":{"start":{"line":10,"column":4},"end":{"line":10,"column":57}},"3":{"start":{"line":14,"column":17},"end":{"line":18,"column":6}},"4":{"start":{"line":19,"column":4},"end":{"line":23,"column":8}},"5":{"start":{"line":19,"column":35},"end":{"line":23,"column":6}},"6":{"start":{"line":22,"column":63},"end":{"line":22,"column":79}},"7":{"start":{"line":27,"column":4},"end":{"line":27,"column":49}},"8":{"start":{"line":31,"column":4},"end":{"line":31,"column":64}},"9":{"start":{"line":35,"column":4},"end":{"line":35,"column":52}},"10":{"start":{"line":4,"column":0},"end":{"line":4,"column":13}}},"fnMap":{"0":{"name":"(anonymous_1)","decl":{"start":{"line":5,"column":2},"end":{"line":5,"column":7}},"loc":{"start":{"line":5,"column":15},"end":{"line":7,"column":3}}},"1":{"name":"(anonymous_2)","decl":{"start":{"line":9,"column":2},"end":{"line":9,"column":7}},"loc":{"start":{"line":9,"column":27},"end":{"line":11,"column":3}}},"2":{"name":"(anonymous_3)","decl":{"start":{"line":13,"column":2},"end":{"line":13,"column":7}},"loc":{"start":{"line":13,"column":18},"end":{"line":24,"column":3}}},"3":{"name":"(anonymous_4)","decl":{"start":{"line":19,"column":20},"end":{"line":19,"column":21}},"loc":{"start":{"line":19,"column":35},"end":{"line":23,"column":6}}},"4":{"name":"(anonymous_5)","decl":{"start":{"line":22,"column":38},"end":{"line":22,"column":39}},"loc":{"start":{"line":22,"column":63},"end":{"line":22,"column":79}}},"5":{"name":"(anonymous_6)","decl":{"start":{"line":26,"column":2},"end":{"line":26,"column":7}},"loc":{"start":{"line":26,"column":37},"end":{"line":28,"column":3}}},"6":{"name":"(anonymous_7)","decl":{"start":{"line":30,"column":2},"end":{"line":30,"column":7}},"loc":{"start":{"line":30,"column":49},"end":{"line":32,"column":3}}},"7":{"name":"(anonymous_8)","decl":{"start":{"line":34,"column":2},"end":{"line":34,"column":7}},"loc":{"start":{"line":34,"column":25},"end":{"line":36,"column":3}}}},"branchMap":{},"s":{"0":6,"1":3,"2":8,"3":2,"4":2,"5":3,"6":4,"7":3,"8":3,"9":3,"10":6},"f":{"0":3,"1":8,"2":2,"3":3,"4":4,"5":3,"6":3,"7":3},"b":{}}
,"C:\\Users\\DraganaSavanovic\\source\\repos\\e1-course\\warehouse-inventory-system\\backend\\src\\categories\\category.routes.ts": {"path":"C:\\Users\\DraganaSavanovic\\source\\repos\\e1-course\\warehouse-inventory-system\\backend\\src\\categories\\category.routes.ts","statementMap":{"0":{"start":{"line":1,"column":0},"end":{"line":1,"column":33}},"1":{"start":{"line":2,"column":0},"end":{"line":2,"column":59}},"2":{"start":{"line":3,"column":0},"end":{"line":3,"column":53}},"3":{"start":{"line":4,"column":0},"end":{"line":4,"column":59}},"4":{"start":{"line":6,"column":19},"end":{"line":6,"column":43}},"5":{"start":{"line":7,"column":16},"end":{"line":7,"column":47}},"6":{"start":{"line":8,"column":19},"end":{"line":8,"column":50}},"7":{"start":{"line":10,"column":15},"end":{"line":10,"column":23}},"8":{"start":{"line":12,"column":0},"end":{"line":12,"column":41}},"9":{"start":{"line":13,"column":0},"end":{"line":13,"column":46}},"10":{"start":{"line":14,"column":0},"end":{"line":14,"column":42}},"11":{"start":{"line":15,"column":0},"end":{"line":15,"column":38}},"12":{"start":{"line":16,"column":0},"end":{"line":16,"column":41}},"13":{"start":{"line":18,"column":0},"end":{"line":18,"column":22}}},"fnMap":{},"branchMap":{},"s":{"0":2,"1":2,"2":2,"3":2,"4":2,"5":2,"6":2,"7":2,"8":2,"9":2,"10":2,"11":2,"12":2,"13":2},"f":{},"b":{}}
,"C:\\Users\\DraganaSavanovic\\source\\repos\\e1-course\\warehouse-inventory-system\\backend\\src\\categories\\category.service.ts": {"path":"C:\\Users\\DraganaSavanovic\\source\\repos\\e1-course\\warehouse-inventory-system\\backend\\src\\categories\\category.service.ts","statementMap":{"0":{"start":{"line":1,"column":0},"end":{"line":1,"column":58}},"1":{"start":{"line":6,"column":31},"end":{"line":6,"column":61}},"2":{"start":{"line":9,"column":4},"end":{"line":9,"column":37}},"3":{"start":{"line":13,"column":4},"end":{"line":13,"column":40}},"4":{"start":{"line":17,"column":4},"end":{"line":17,"column":39}},"5":{"start":{"line":21,"column":21},"end":{"line":21,"column":55}},"6":{"start":{"line":22,"column":4},"end":{"line":24,"column":5}},"7":{"start":{"line":23,"column":6},"end":{"line":23,"column":66}},"8":{"start":{"line":25,"column":4},"end":{"line":25,"column":43}},"9":{"start":{"line":29,"column":21},"end":{"line":29,"column":55}},"10":{"start":{"line":30,"column":4},"end":{"line":32,"column":5}},"11":{"start":{"line":31,"column":6},"end":{"line":31,"column":66}},"12":{"start":{"line":33,"column":4},"end":{"line":33,"column":37}},"13":{"start":{"line":5,"column":0},"end":{"line":5,"column":13}}},"fnMap":{"0":{"name":"(anonymous_0)","decl":{"start":{"line":6,"column":2},"end":{"line":6,"column":31}},"loc":{"start":{"line":6,"column":61},"end":{"line":6,"column":65}}},"1":{"name":"(anonymous_1)","decl":{"start":{"line":8,"column":2},"end":{"line":8,"column":7}},"loc":{"start":{"line":8,"column":14},"end":{"line":10,"column":3}}},"2":{"name":"(anonymous_2)","decl":{"start":{"line":12,"column":2},"end":{"line":12,"column":7}},"loc":{"start":{"line":12,"column":18},"end":{"line":14,"column":3}}},"3":{"name":"(anonymous_3)","decl":{"start":{"line":16,"column":2},"end":{"line":16,"column":7}},"loc":{"start":{"line":16,"column":37},"end":{"line":18,"column":3}}},"4":{"name":"(anonymous_4)","decl":{"start":{"line":20,"column":2},"end":{"line":20,"column":7}},"loc":{"start":{"line":20,"column":49},"end":{"line":26,"column":3}}},"5":{"name":"(anonymous_5)","decl":{"start":{"line":28,"column":2},"end":{"line":28,"column":7}},"loc":{"start":{"line":28,"column":25},"end":{"line":34,"column":3}}}},"branchMap":{"0":{"loc":{"start":{"line":22,"column":4},"end":{"line":24,"column":5}},"type":"if","locations":[{"start":{"line":22,"column":4},"end":{"line":24,"column":5}},{"start":{},"end":{}}]},"1":{"loc":{"start":{"line":30,"column":4},"end":{"line":32,"column":5}},"type":"if","locations":[{"start":{"line":30,"column":4},"end":{"line":32,"column":5}},{"start":{},"end":{}}]}},"s":{"0":4,"1":10,"2":4,"3":4,"4":3,"5":8,"6":8,"7":5,"8":3,"9":8,"10":8,"11":5,"12":3,"13":4},"f":{"0":10,"1":4,"2":4,"3":3,"4":8,"5":8},"b":{"0":[5,3],"1":[5,3]}}
,"C:\\Users\\DraganaSavanovic\\source\\repos\\e1-course\\warehouse-inventory-system\\backend\\src\\database\\database.client.ts": {"path":"C:\\Users\\DraganaSavanovic\\source\\repos\\e1-course\\warehouse-inventory-system\\backend\\src\\database\\database.client.ts","statementMap":{"0":{"start":{"line":1,"column":0},"end":{"line":1,"column":54}},"1":{"start":{"line":2,"column":0},"end":{"line":2,"column":61}},"2":{"start":{"line":4,"column":16},"end":{"line":6,"column":2}},"3":{"start":{"line":8,"column":15},"end":{"line":8,"column":44}},"4":{"start":{"line":10,"column":0},"end":{"line":10,"column":22}}},"fnMap":{},"branchMap":{"0":{"loc":{"start":{"line":5,"column":7},"end":{"line":5,"column":59}},"type":"binary-expr","locations":[{"start":{"line":5,"column":7},"end":{"line":5,"column":34}},{"start":{"line":5,"column":38},"end":{"line":5,"column":59}}]}},"s":{"0":11,"1":11,"2":11,"3":11,"4":11},"f":{},"b":{"0":[11,11]}}
,"C:\\Users\\DraganaSavanovic\\source\\repos\\e1-course\\warehouse-inventory-system\\backend\\src\\inventory\\inventory.controller.ts": {"path":"C:\\Users\\DraganaSavanovic\\source\\repos\\e1-course\\warehouse-inventory-system\\backend\\src\\inventory\\inventory.controller.ts","statementMap":{"0":{"start":{"line":6,"column":31},"end":{"line":6,"column":56}},"1":{"start":{"line":8,"column":2},"end":{"line":16,"column":4}},"2":{"start":{"line":9,"column":4},"end":{"line":15,"column":5}},"3":{"start":{"line":10,"column":24},"end":{"line":10,"column":55}},"4":{"start":{"line":11,"column":21},"end":{"line":11,"column":92}},"5":{"start":{"line":12,"column":6},"end":{"line":12,"column":23}},"6":{"start":{"line":14,"column":6},"end":{"line":14,"column":18}},"7":{"start":{"line":18,"column":2},"end":{"line":26,"column":4}},"8":{"start":{"line":19,"column":4},"end":{"line":25,"column":5}},"9":{"start":{"line":20,"column":24},"end":{"line":20,"column":55}},"10":{"start":{"line":21,"column":21},"end":{"line":21,"column":92}},"11":{"start":{"line":22,"column":6},"end":{"line":22,"column":23}},"12":{"start":{"line":24,"column":6},"end":{"line":24,"column":18}},"13":{"start":{"line":5,"column":0},"end":{"line":5,"column":13}}},"fnMap":{"0":{"name":"(anonymous_0)","decl":{"start":{"line":6,"column":2},"end":{"line":6,"column":31}},"loc":{"start":{"line":6,"column":56},"end":{"line":6,"column":60}}},"1":{"name":"(anonymous_1)","decl":{"start":{"line":8,"column":18},"end":{"line":8,"column":23}},"loc":{"start":{"line":8,"column":91},"end":{"line":16,"column":3}}},"2":{"name":"(anonymous_2)","decl":{"start":{"line":18,"column":18},"end":{"line":18,"column":23}},"loc":{"start":{"line":18,"column":91},"end":{"line":26,"column":3}}}},"branchMap":{},"s":{"0":2,"1":2,"2":2,"3":2,"4":2,"5":1,"6":1,"7":2,"8":3,"9":3,"10":3,"11":1,"12":2,"13":2},"f":{"0":2,"1":2,"2":3},"b":{}}
,"C:\\Users\\DraganaSavanovic\\source\\repos\\e1-course\\warehouse-inventory-system\\backend\\src\\inventory\\inventory.routes.ts": {"path":"C:\\Users\\DraganaSavanovic\\source\\repos\\e1-course\\warehouse-inventory-system\\backend\\src\\inventory\\inventory.routes.ts","statementMap":{"0":{"start":{"line":1,"column":0},"end":{"line":1,"column":33}},"1":{"start":{"line":2,"column":0},"end":{"line":2,"column":71}},"2":{"start":{"line":3,"column":0},"end":{"line":3,"column":67}},"3":{"start":{"line":4,"column":0},"end":{"line":4,"column":55}},"4":{"start":{"line":5,"column":0},"end":{"line":5,"column":61}},"5":{"start":{"line":7,"column":26},"end":{"line":7,"column":49}},"6":{"start":{"line":8,"column":27},"end":{"line":8,"column":51}},"7":{"start":{"line":9,"column":16},"end":{"line":9,"column":75}},"8":{"start":{"line":10,"column":19},"end":{"line":10,"column":51}},"9":{"start":{"line":12,"column":15},"end":{"line":12,"column":23}},"10":{"start":{"line":14,"column":0},"end":{"line":14,"column":62}},"11":{"start":{"line":15,"column":0},"end":{"line":15,"column":62}},"12":{"start":{"line":17,"column":0},"end":{"line":17,"column":22}}},"fnMap":{},"branchMap":{},"s":{"0":2,"1":2,"2":2,"3":2,"4":2,"5":2,"6":2,"7":2,"8":2,"9":2,"10":2,"11":2,"12":2},"f":{},"b":{}}
,"C:\\Users\\DraganaSavanovic\\source\\repos\\e1-course\\warehouse-inventory-system\\backend\\src\\inventory\\inventory.service.ts": {"path":"C:\\Users\\DraganaSavanovic\\source\\repos\\e1-course\\warehouse-inventory-system\\backend\\src\\inventory\\inventory.service.ts","statementMap":{"0":{"start":{"line":1,"column":0},"end":{"line":1,"column":58}},"1":{"start":{"line":8,"column":21},"end":{"line":8,"column":57}},"2":{"start":{"line":9,"column":21},"end":{"line":9,"column":59}},"3":{"start":{"line":13,"column":20},"end":{"line":13,"column":68}},"4":{"start":{"line":14,"column":4},"end":{"line":16,"column":5}},"5":{"start":{"line":15,"column":6},"end":{"line":15,"column":72}},"6":{"start":{"line":17,"column":24},"end":{"line":17,"column":53}},"7":{"start":{"line":18,"column":20},"end":{"line":18,"column":87}},"8":{"start":{"line":19,"column":4},"end":{"line":24,"column":7}},"9":{"start":{"line":25,"column":4},"end":{"line":25,"column":58}},"10":{"start":{"line":29,"column":20},"end":{"line":29,"column":68}},"11":{"start":{"line":30,"column":4},"end":{"line":32,"column":5}},"12":{"start":{"line":31,"column":6},"end":{"line":31,"column":72}},"13":{"start":{"line":33,"column":24},"end":{"line":33,"column":53}},"14":{"start":{"line":34,"column":4},"end":{"line":36,"column":5}},"15":{"start":{"line":35,"column":6},"end":{"line":35,"column":64}},"16":{"start":{"line":37,"column":20},"end":{"line":37,"column":87}},"17":{"start":{"line":38,"column":4},"end":{"line":43,"column":7}},"18":{"start":{"line":44,"column":4},"end":{"line":44,"column":58}},"19":{"start":{"line":6,"column":0},"end":{"line":6,"column":13}}},"fnMap":{"0":{"name":"(anonymous_0)","decl":{"start":{"line":7,"column":2},"end":{"line":7,"column":null}},"loc":{"start":{"line":9,"column":59},"end":{"line":10,"column":6}}},"1":{"name":"(anonymous_1)","decl":{"start":{"line":12,"column":2},"end":{"line":12,"column":7}},"loc":{"start":{"line":12,"column":60},"end":{"line":26,"column":3}}},"2":{"name":"(anonymous_2)","decl":{"start":{"line":28,"column":2},"end":{"line":28,"column":7}},"loc":{"start":{"line":28,"column":60},"end":{"line":45,"column":3}}}},"branchMap":{"0":{"loc":{"start":{"line":14,"column":4},"end":{"line":16,"column":5}},"type":"if","locations":[{"start":{"line":14,"column":4},"end":{"line":16,"column":5}},{"start":{},"end":{}}]},"1":{"loc":{"start":{"line":30,"column":4},"end":{"line":32,"column":5}},"type":"if","locations":[{"start":{"line":30,"column":4},"end":{"line":32,"column":5}},{"start":{},"end":{}}]},"2":{"loc":{"start":{"line":34,"column":4},"end":{"line":36,"column":5}},"type":"if","locations":[{"start":{"line":34,"column":4},"end":{"line":36,"column":5}},{"start":{},"end":{}}]}},"s":{"0":4,"1":8,"2":8,"3":8,"4":8,"5":5,"6":3,"7":3,"8":3,"9":3,"10":12,"11":12,"12":4,"13":8,"14":8,"15":4,"16":4,"17":4,"18":4,"19":4},"f":{"0":8,"1":8,"2":12},"b":{"0":[5,3],"1":[4,8],"2":[4,4]}}
,"C:\\Users\\DraganaSavanovic\\source\\repos\\e1-course\\warehouse-inventory-system\\backend\\src\\middleware\\error.middleware.ts": {"path":"C:\\Users\\DraganaSavanovic\\source\\repos\\e1-course\\warehouse-inventory-system\\backend\\src\\middleware\\error.middleware.ts","statementMap":{"0":{"start":{"line":15,"column":0},"end":{"line":15,"column":16}},"1":{"start":{"line":2,"column":0},"end":{"line":2,"column":41}},"2":{"start":{"line":10,"column":4},"end":{"line":10,"column":19}},"3":{"start":{"line":6,"column":11},"end":{"line":6,"column":29}},"4":{"start":{"line":8,"column":11},"end":{"line":8,"column":35}},"5":{"start":{"line":11,"column":4},"end":{"line":11,"column":27}},"6":{"start":{"line":4,"column":0},"end":{"line":4,"column":13}},"7":{"start":{"line":21,"column":2},"end":{"line":29,"column":3}},"8":{"start":{"line":22,"column":4},"end":{"line":26,"column":5}},"9":{"start":{"line":23,"column":6},"end":{"line":23,"column":66}},"10":{"start":{"line":25,"column":6},"end":{"line":25,"column":54}},"11":{"start":{"line":27,"column":4},"end":{"line":27,"column":62}},"12":{"start":{"line":28,"column":4},"end":{"line":28,"column":11}},"13":{"start":{"line":31,"column":2},"end":{"line":31,"column":50}},"14":{"start":{"line":32,"column":2},"end":{"line":32,"column":61}}},"fnMap":{"0":{"name":"(anonymous_0)","decl":{"start":{"line":5,"column":2},"end":{"line":5,"column":null}},"loc":{"start":{"line":8,"column":40},"end":{"line":12,"column":3}}},"1":{"name":"errorMiddleware","decl":{"start":{"line":15,"column":16},"end":{"line":15,"column":31}},"loc":{"start":{"line":19,"column":21},"end":{"line":33,"column":1}}}},"branchMap":{"0":{"loc":{"start":{"line":8,"column":11},"end":{"line":8,"column":40}},"type":"default-arg","locations":[{"start":{"line":8,"column":35},"end":{"line":8,"column":40}}]},"1":{"loc":{"start":{"line":21,"column":2},"end":{"line":29,"column":3}},"type":"if","locations":[{"start":{"line":21,"column":2},"end":{"line":29,"column":3}},{"start":{},"end":{}}]},"2":{"loc":{"start":{"line":22,"column":4},"end":{"line":26,"column":5}},"type":"if","locations":[{"start":{"line":22,"column":4},"end":{"line":26,"column":5}},{"start":{"line":24,"column":11},"end":{"line":26,"column":5}}]}},"s":{"0":10,"1":10,"2":44,"3":44,"4":44,"5":44,"6":10,"7":14,"8":12,"9":3,"10":9,"11":12,"12":12,"13":2,"14":2},"f":{"0":44,"1":14},"b":{"0":[36],"1":[12,2],"2":[3,9]}}
,"C:\\Users\\DraganaSavanovic\\source\\repos\\e1-course\\warehouse-inventory-system\\backend\\src\\middleware\\request.logger.middleware.ts": {"path":"C:\\Users\\DraganaSavanovic\\source\\repos\\e1-course\\warehouse-inventory-system\\backend\\src\\middleware\\request.logger.middleware.ts","statementMap":{"0":{"start":{"line":4,"column":0},"end":{"line":4,"column":16}},"1":{"start":{"line":2,"column":0},"end":{"line":2,"column":41}},"2":{"start":{"line":9,"column":16},"end":{"line":9,"column":26}},"3":{"start":{"line":11,"column":2},"end":{"line":18,"column":5}},"4":{"start":{"line":12,"column":4},"end":{"line":17,"column":7}},"5":{"start":{"line":20,"column":2},"end":{"line":20,"column":9}}},"fnMap":{"0":{"name":"requestLogger","decl":{"start":{"line":4,"column":16},"end":{"line":4,"column":29}},"loc":{"start":{"line":7,"column":20},"end":{"line":21,"column":1}}},"1":{"name":"(anonymous_1)","decl":{"start":{"line":11,"column":19},"end":{"line":11,"column":22}},"loc":{"start":{"line":11,"column":24},"end":{"line":18,"column":3}}}},"branchMap":{},"s":{"0":3,"1":3,"2":28,"3":28,"4":27,"5":28},"f":{"0":28,"1":27},"b":{}}
,"C:\\Users\\DraganaSavanovic\\source\\repos\\e1-course\\warehouse-inventory-system\\backend\\src\\products\\product.controller.ts": {"path":"C:\\Users\\DraganaSavanovic\\source\\repos\\e1-course\\warehouse-inventory-system\\backend\\src\\products\\product.controller.ts","statementMap":{"0":{"start":{"line":7,"column":31},"end":{"line":7,"column":54}},"1":{"start":{"line":9,"column":2},"end":{"line":24,"column":4}},"2":{"start":{"line":10,"column":4},"end":{"line":23,"column":5}},"3":{"start":{"line":11,"column":34},"end":{"line":11,"column":36}},"4":{"start":{"line":12,"column":6},"end":{"line":12,"column":74}},"5":{"start":{"line":12,"column":31},"end":{"line":12,"column":74}},"6":{"start":{"line":13,"column":6},"end":{"line":13,"column":86}},"7":{"start":{"line":13,"column":35},"end":{"line":13,"column":86}},"8":{"start":{"line":14,"column":6},"end":{"line":14,"column":68}},"9":{"start":{"line":14,"column":29},"end":{"line":14,"column":68}},"10":{"start":{"line":15,"column":6},"end":{"line":15,"column":87}},"11":{"start":{"line":15,"column":31},"end":{"line":15,"column":87}},"12":{"start":{"line":16,"column":6},"end":{"line":16,"column":96}},"13":{"start":{"line":16,"column":34},"end":{"line":16,"column":96}},"14":{"start":{"line":17,"column":6},"end":{"line":17,"column":68}},"15":{"start":{"line":17,"column":29},"end":{"line":17,"column":68}},"16":{"start":{"line":18,"column":6},"end":{"line":18,"column":80}},"17":{"start":{"line":18,"column":33},"end":{"line":18,"column":80}},"18":{"start":{"line":19,"column":21},"end":{"line":19,"column":53}},"19":{"start":{"line":20,"column":6},"end":{"line":20,"column":23}},"20":{"start":{"line":22,"column":6},"end":{"line":22,"column":18}},"21":{"start":{"line":26,"column":2},"end":{"line":34,"column":4}},"22":{"start":{"line":27,"column":4},"end":{"line":33,"column":5}},"23":{"start":{"line":28,"column":17},"end":{"line":28,"column":41}},"24":{"start":{"line":29,"column":22},"end":{"line":29,"column":52}},"25":{"start":{"line":30,"column":6},"end":{"line":30,"column":24}},"26":{"start":{"line":32,"column":6},"end":{"line":32,"column":18}},"27":{"start":{"line":36,"column":2},"end":{"line":43,"column":4}},"28":{"start":{"line":37,"column":4},"end":{"line":42,"column":5}},"29":{"start":{"line":38,"column":22},"end":{"line":38,"column":77}},"30":{"start":{"line":39,"column":6},"end":{"line":39,"column":36}},"31":{"start":{"line":41,"column":6},"end":{"line":41,"column":18}},"32":{"start":{"line":45,"column":2},"end":{"line":53,"column":4}},"33":{"start":{"line":46,"column":4},"end":{"line":52,"column":5}},"34":{"start":{"line":47,"column":17},"end":{"line":47,"column":41}},"35":{"start":{"line":48,"column":22},"end":{"line":48,"column":81}},"36":{"start":{"line":49,"column":6},"end":{"line":49,"column":24}},"37":{"start":{"line":51,"column":6},"end":{"line":51,"column":18}},"38":{"start":{"line":55,"column":2},"end":{"line":63,"column":4}},"39":{"start":{"line":56,"column":4},"end":{"line":62,"column":5}},"40":{"start":{"line":57,"column":17},"end":{"line":57,"column":41}},"41":{"start":{"line":58,"column":6},"end":{"line":58,"column":36}},"42":{"start":{"line":59,"column":6},"end":{"line":59,"column":29}},"43":{"start":{"line":61,"column":6},"end":{"line":61,"column":18}},"44":{"start":{"line":6,"column":0},"end":{"line":6,"column":13}}},"fnMap":{"0":{"name":"(anonymous_0)","decl":{"start":{"line":7,"column":2},"end":{"line":7,"column":31}},"loc":{"start":{"line":7,"column":54},"end":{"line":7,"column":58}}},"1":{"name":"(anonymous_1)","decl":{"start":{"line":9,"column":11},"end":{"line":9,"column":16}},"loc":{"start":{"line":9,"column":84},"end":{"line":24,"column":3}}},"2":{"name":"(anonymous_2)","decl":{"start":{"line":26,"column":12},"end":{"line":26,"column":17}},"loc":{"start":{"line":26,"column":85},"end":{"line":34,"column":3}}},"3":{"name":"(anonymous_3)","decl":{"start":{"line":36,"column":11},"end":{"line":36,"column":16}},"loc":{"start":{"line":36,"column":84},"end":{"line":43,"column":3}}},"4":{"name":"(anonymous_4)","decl":{"start":{"line":45,"column":11},"end":{"line":45,"column":16}},"loc":{"start":{"line":45,"column":84},"end":{"line":53,"column":3}}},"5":{"name":"(anonymous_5)","decl":{"start":{"line":55,"column":11},"end":{"line":55,"column":16}},"loc":{"start":{"line":55,"column":84},"end":{"line":63,"column":3}}}},"branchMap":{"0":{"loc":{"start":{"line":12,"column":6},"end":{"line":12,"column":74}},"type":"if","locations":[{"start":{"line":12,"column":6},"end":{"line":12,"column":74}},{"start":{},"end":{}}]},"1":{"loc":{"start":{"line":13,"column":6},"end":{"line":13,"column":86}},"type":"if","locations":[{"start":{"line":13,"column":6},"end":{"line":13,"column":86}},{"start":{},"end":{}}]},"2":{"loc":{"start":{"line":14,"column":6},"end":{"line":14,"column":68}},"type":"if","locations":[{"start":{"line":14,"column":6},"end":{"line":14,"column":68}},{"start":{},"end":{}}]},"3":{"loc":{"start":{"line":15,"column":6},"end":{"line":15,"column":87}},"type":"if","locations":[{"start":{"line":15,"column":6},"end":{"line":15,"column":87}},{"start":{},"end":{}}]},"4":{"loc":{"start":{"line":16,"column":6},"end":{"line":16,"column":96}},"type":"if","locations":[{"start":{"line":16,"column":6},"end":{"line":16,"column":96}},{"start":{},"end":{}}]},"5":{"loc":{"start":{"line":17,"column":6},"end":{"line":17,"column":68}},"type":"if","locations":[{"start":{"line":17,"column":6},"end":{"line":17,"column":68}},{"start":{},"end":{}}]},"6":{"loc":{"start":{"line":18,"column":6},"end":{"line":18,"column":80}},"type":"if","locations":[{"start":{"line":18,"column":6},"end":{"line":18,"column":80}},{"start":{},"end":{}}]}},"s":{"0":2,"1":2,"2":2,"3":2,"4":2,"5":1,"6":2,"7":1,"8":2,"9":1,"10":2,"11":1,"12":2,"13":1,"14":2,"15":1,"16":2,"17":1,"18":2,"19":2,"20":0,"21":2,"22":2,"23":2,"24":2,"25":1,"26":1,"27":2,"28":1,"29":1,"30":1,"31":0,"32":2,"33":2,"34":2,"35":2,"36":1,"37":1,"38":2,"39":2,"40":2,"41":2,"42":1,"43":1,"44":2},"f":{"0":2,"1":2,"2":2,"3":1,"4":2,"5":2},"b":{"0":[1,1],"1":[1,1],"2":[1,1],"3":[1,1],"4":[1,1],"5":[1,1],"6":[1,1]}}
,"C:\\Users\\DraganaSavanovic\\source\\repos\\e1-course\\warehouse-inventory-system\\backend\\src\\products\\product.repository.ts": {"path":"C:\\Users\\DraganaSavanovic\\source\\repos\\e1-course\\warehouse-inventory-system\\backend\\src\\products\\product.repository.ts","statementMap":{"0":{"start":{"line":1,"column":0},"end":{"line":1,"column":49}},"1":{"start":{"line":6,"column":87},"end":{"line":6,"column":89}},"2":{"start":{"line":7,"column":4},"end":{"line":7,"column":76}},"3":{"start":{"line":7,"column":36},"end":{"line":7,"column":76}},"4":{"start":{"line":8,"column":4},"end":{"line":8,"column":76}},"5":{"start":{"line":8,"column":40},"end":{"line":8,"column":76}},"6":{"start":{"line":9,"column":4},"end":{"line":9,"column":58}},"7":{"start":{"line":9,"column":34},"end":{"line":9,"column":58}},"8":{"start":{"line":11,"column":74},"end":{"line":11,"column":76}},"9":{"start":{"line":12,"column":4},"end":{"line":12,"column":71}},"10":{"start":{"line":12,"column":22},"end":{"line":12,"column":71}},"11":{"start":{"line":14,"column":17},"end":{"line":14,"column":32}},"12":{"start":{"line":15,"column":21},"end":{"line":15,"column":41}},"13":{"start":{"line":16,"column":17},"end":{"line":16,"column":38}},"14":{"start":{"line":18,"column":26},"end":{"line":21,"column":6}},"15":{"start":{"line":23,"column":4},"end":{"line":23,"column":43}},"16":{"start":{"line":27,"column":4},"end":{"line":27,"column":56}},"17":{"start":{"line":31,"column":4},"end":{"line":31,"column":48}},"18":{"start":{"line":35,"column":4},"end":{"line":35,"column":63}},"19":{"start":{"line":39,"column":4},"end":{"line":39,"column":72}},"20":{"start":{"line":43,"column":4},"end":{"line":43,"column":51}},"21":{"start":{"line":4,"column":0},"end":{"line":4,"column":13}}},"fnMap":{"0":{"name":"(anonymous_1)","decl":{"start":{"line":5,"column":2},"end":{"line":5,"column":7}},"loc":{"start":{"line":5,"column":40},"end":{"line":24,"column":3}}},"1":{"name":"(anonymous_2)","decl":{"start":{"line":26,"column":2},"end":{"line":26,"column":7}},"loc":{"start":{"line":26,"column":27},"end":{"line":28,"column":3}}},"2":{"name":"(anonymous_3)","decl":{"start":{"line":30,"column":2},"end":{"line":30,"column":7}},"loc":{"start":{"line":30,"column":36},"end":{"line":32,"column":3}}},"3":{"name":"(anonymous_4)","decl":{"start":{"line":34,"column":2},"end":{"line":34,"column":7}},"loc":{"start":{"line":34,"column":48},"end":{"line":36,"column":3}}},"4":{"name":"(anonymous_5)","decl":{"start":{"line":38,"column":2},"end":{"line":38,"column":7}},"loc":{"start":{"line":38,"column":51},"end":{"line":40,"column":3}}},"5":{"name":"(anonymous_6)","decl":{"start":{"line":42,"column":2},"end":{"line":42,"column":7}},"loc":{"start":{"line":42,"column":25},"end":{"line":44,"column":3}}}},"branchMap":{"0":{"loc":{"start":{"line":5,"column":16},"end":{"line":5,"column":40}},"type":"default-arg","locations":[{"start":{"line":5,"column":38},"end":{"line":5,"column":40}}]},"1":{"loc":{"start":{"line":7,"column":4},"end":{"line":7,"column":76}},"type":"if","locations":[{"start":{"line":7,"column":4},"end":{"line":7,"column":76}},{"start":{},"end":{}}]},"2":{"loc":{"start":{"line":8,"column":4},"end":{"line":8,"column":76}},"type":"if","locations":[{"start":{"line":8,"column":4},"end":{"line":8,"column":76}},{"start":{},"end":{}}]},"3":{"loc":{"start":{"line":9,"column":4},"end":{"line":9,"column":58}},"type":"if","locations":[{"start":{"line":9,"column":4},"end":{"line":9,"column":58}},{"start":{},"end":{}}]},"4":{"loc":{"start":{"line":12,"column":4},"end":{"line":12,"column":71}},"type":"if","locations":[{"start":{"line":12,"column":4},"end":{"line":12,"column":71}},{"start":{},"end":{}}]},"5":{"loc":{"start":{"line":12,"column":46},"end":{"line":12,"column":70}},"type":"binary-expr","locations":[{"start":{"line":12,"column":46},"end":{"line":12,"column":61}},{"start":{"line":12,"column":65},"end":{"line":12,"column":70}}]},"6":{"loc":{"start":{"line":14,"column":17},"end":{"line":14,"column":32}},"type":"binary-expr","locations":[{"start":{"line":14,"column":17},"end":{"line":14,"column":27}},{"start":{"line":14,"column":31},"end":{"line":14,"column":32}}]},"7":{"loc":{"start":{"line":15,"column":21},"end":{"line":15,"column":41}},"type":"binary-expr","locations":[{"start":{"line":15,"column":21},"end":{"line":15,"column":35}},{"start":{"line":15,"column":39},"end":{"line":15,"column":41}}]}},"s":{"0":8,"1":10,"2":10,"3":2,"4":10,"5":3,"6":10,"7":3,"8":10,"9":10,"10":3,"11":10,"12":10,"13":10,"14":10,"15":10,"16":15,"17":3,"18":3,"19":4,"20":3,"21":8},"f":{"0":10,"1":15,"2":3,"3":3,"4":4,"5":3},"b":{"0":[2],"1":[2,8],"2":[3,7],"3":[3,7],"4":[3,7],"5":[3,0],"6":[10,8],"7":[10,8]}}
,"C:\\Users\\DraganaSavanovic\\source\\repos\\e1-course\\warehouse-inventory-system\\backend\\src\\products\\product.routes.ts": {"path":"C:\\Users\\DraganaSavanovic\\source\\repos\\e1-course\\warehouse-inventory-system\\backend\\src\\products\\product.routes.ts","statementMap":{"0":{"start":{"line":1,"column":0},"end":{"line":1,"column":33}},"1":{"start":{"line":2,"column":0},"end":{"line":2,"column":57}},"2":{"start":{"line":3,"column":0},"end":{"line":3,"column":51}},"3":{"start":{"line":4,"column":0},"end":{"line":4,"column":57}},"4":{"start":{"line":6,"column":19},"end":{"line":6,"column":42}},"5":{"start":{"line":7,"column":16},"end":{"line":7,"column":46}},"6":{"start":{"line":8,"column":19},"end":{"line":8,"column":49}},"7":{"start":{"line":10,"column":15},"end":{"line":10,"column":23}},"8":{"start":{"line":12,"column":0},"end":{"line":12,"column":41}},"9":{"start":{"line":13,"column":0},"end":{"line":13,"column":39}},"10":{"start":{"line":14,"column":0},"end":{"line":14,"column":42}},"11":{"start":{"line":15,"column":0},"end":{"line":15,"column":38}},"12":{"start":{"line":16,"column":0},"end":{"line":16,"column":41}},"13":{"start":{"line":18,"column":0},"end":{"line":18,"column":22}}},"fnMap":{},"branchMap":{},"s":{"0":2,"1":2,"2":2,"3":2,"4":2,"5":2,"6":2,"7":2,"8":2,"9":2,"10":2,"11":2,"12":2,"13":2},"f":{},"b":{}}
,"C:\\Users\\DraganaSavanovic\\source\\repos\\e1-course\\warehouse-inventory-system\\backend\\src\\products\\product.service.ts": {"path":"C:\\Users\\DraganaSavanovic\\source\\repos\\e1-course\\warehouse-inventory-system\\backend\\src\\products\\product.service.ts","statementMap":{"0":{"start":{"line":1,"column":0},"end":{"line":1,"column":58}},"1":{"start":{"line":6,"column":31},"end":{"line":6,"column":60}},"2":{"start":{"line":9,"column":4},"end":{"line":9,"column":42}},"3":{"start":{"line":13,"column":20},"end":{"line":13,"column":54}},"4":{"start":{"line":14,"column":4},"end":{"line":16,"column":5}},"5":{"start":{"line":15,"column":6},"end":{"line":15,"column":65}},"6":{"start":{"line":17,"column":4},"end":{"line":17,"column":19}},"7":{"start":{"line":21,"column":4},"end":{"line":21,"column":39}},"8":{"start":{"line":25,"column":21},"end":{"line":25,"column":55}},"9":{"start":{"line":26,"column":4},"end":{"line":28,"column":5}},"10":{"start":{"line":27,"column":6},"end":{"line":27,"column":65}},"11":{"start":{"line":29,"column":4},"end":{"line":29,"column":43}},"12":{"start":{"line":33,"column":21},"end":{"line":33,"column":55}},"13":{"start":{"line":34,"column":4},"end":{"line":36,"column":5}},"14":{"start":{"line":35,"column":6},"end":{"line":35,"column":65}},"15":{"start":{"line":37,"column":4},"end":{"line":37,"column":37}},"16":{"start":{"line":5,"column":0},"end":{"line":5,"column":13}}},"fnMap":{"0":{"name":"(anonymous_0)","decl":{"start":{"line":6,"column":2},"end":{"line":6,"column":31}},"loc":{"start":{"line":6,"column":60},"end":{"line":6,"column":64}}},"1":{"name":"(anonymous_1)","decl":{"start":{"line":8,"column":2},"end":{"line":8,"column":7}},"loc":{"start":{"line":8,"column":39},"end":{"line":10,"column":3}}},"2":{"name":"(anonymous_2)","decl":{"start":{"line":12,"column":2},"end":{"line":12,"column":7}},"loc":{"start":{"line":12,"column":26},"end":{"line":18,"column":3}}},"3":{"name":"(anonymous_3)","decl":{"start":{"line":20,"column":2},"end":{"line":20,"column":7}},"loc":{"start":{"line":20,"column":36},"end":{"line":22,"column":3}}},"4":{"name":"(anonymous_4)","decl":{"start":{"line":24,"column":2},"end":{"line":24,"column":7}},"loc":{"start":{"line":24,"column":48},"end":{"line":30,"column":3}}},"5":{"name":"(anonymous_5)","decl":{"start":{"line":32,"column":2},"end":{"line":32,"column":7}},"loc":{"start":{"line":32,"column":25},"end":{"line":38,"column":3}}}},"branchMap":{"0":{"loc":{"start":{"line":8,"column":15},"end":{"line":8,"column":39}},"type":"default-arg","locations":[{"start":{"line":8,"column":37},"end":{"line":8,"column":39}}]},"1":{"loc":{"start":{"line":14,"column":4},"end":{"line":16,"column":5}},"type":"if","locations":[{"start":{"line":14,"column":4},"end":{"line":16,"column":5}},{"start":{},"end":{}}]},"2":{"loc":{"start":{"line":26,"column":4},"end":{"line":28,"column":5}},"type":"if","locations":[{"start":{"line":26,"column":4},"end":{"line":28,"column":5}},{"start":{},"end":{}}]},"3":{"loc":{"start":{"line":34,"column":4},"end":{"line":36,"column":5}},"type":"if","locations":[{"start":{"line":34,"column":4},"end":{"line":36,"column":5}},{"start":{},"end":{}}]}},"s":{"0":4,"1":12,"2":10,"3":8,"4":8,"5":5,"6":3,"7":3,"8":7,"9":7,"10":4,"11":3,"12":7,"13":7,"14":4,"15":3,"16":4},"f":{"0":12,"1":10,"2":8,"3":3,"4":7,"5":7},"b":{"0":[3],"1":[5,3],"2":[4,3],"3":[4,3]}}
,"C:\\Users\\DraganaSavanovic\\source\\repos\\e1-course\\warehouse-inventory-system\\backend\\src\\utils\\logger.ts": {"path":"C:\\Users\\DraganaSavanovic\\source\\repos\\e1-course\\warehouse-inventory-system\\backend\\src\\utils\\logger.ts","statementMap":{"0":{"start":{"line":1,"column":0},"end":{"line":1,"column":59}},"1":{"start":{"line":3,"column":13},"end":{"line":15,"column":3}}},"fnMap":{},"branchMap":{},"s":{"0":7,"1":7},"f":{},"b":{}}
}
