TN:
SF:src\app.ts
FNF:0
FNH:0
DA:1,2
DA:2,2
DA:3,2
DA:4,2
DA:5,2
DA:6,2
DA:7,2
DA:8,2
DA:10,2
DA:12,2
DA:13,2
DA:14,2
DA:16,2
DA:17,2
DA:18,2
DA:19,2
DA:21,2
DA:23,2
LF:18
LH:18
BRF:0
BRH:0
end_of_record
TN:
SF:src\audit-log\audit-log.controller.ts
FN:5,(anonymous_0)
FN:7,(anonymous_1)
FN:16,(anonymous_2)
FNF:3
FNH:3
FNDA:2,(anonymous_0)
FNDA:1,(anonymous_1)
FNDA:1,(anonymous_2)
DA:4,2
DA:5,2
DA:7,2
DA:8,1
DA:9,1
DA:10,1
DA:12,0
DA:16,2
DA:17,1
DA:18,1
DA:19,1
DA:20,1
DA:22,0
LF:13
LH:11
BRF:0
BRH:0
end_of_record
TN:
SF:src\audit-log\audit-log.repository.ts
FN:5,(anonymous_1)
FN:10,(anonymous_2)
FN:15,(anonymous_3)
FNF:3
FNH:3
FNDA:4,(anonymous_1)
FNDA:3,(anonymous_2)
FNDA:4,(anonymous_3)
DA:1,8
DA:4,8
DA:6,4
DA:7,4
DA:11,3
DA:12,3
DA:16,4
DA:20,4
LF:8
LH:8
BRF:0
BRH:0
end_of_record
TN:
SF:src\audit-log\audit-log.routes.ts
FNF:0
FNH:0
DA:1,2
DA:2,2
DA:3,2
DA:4,2
DA:6,2
DA:7,2
DA:8,2
DA:10,2
DA:12,2
DA:13,2
DA:15,2
LF:11
LH:11
BRF:0
BRH:0
end_of_record
TN:
SF:src\audit-log\audit-log.service.ts
FN:5,(anonymous_0)
FN:7,(anonymous_1)
FN:11,(anonymous_2)
FNF:3
FNH:3
FNDA:7,(anonymous_0)
FNDA:5,(anonymous_1)
FNDA:5,(anonymous_2)
DA:4,4
DA:5,7
DA:8,5
DA:12,5
LF:4
LH:4
BRF:0
BRH:0
end_of_record
TN:
SF:src\categories\category.controller.ts
FN:5,(anonymous_0)
FN:7,(anonymous_1)
FN:16,(anonymous_2)
FN:25,(anonymous_3)
FN:34,(anonymous_4)
FN:44,(anonymous_5)
FNF:6
FNH:6
FNDA:2,(anonymous_0)
FNDA:1,(anonymous_1)
FNDA:1,(anonymous_2)
FNDA:1,(anonymous_3)
FNDA:2,(anonymous_4)
FNDA:2,(anonymous_5)
DA:4,2
DA:5,2
DA:7,2
DA:8,1
DA:9,1
DA:10,1
DA:12,0
DA:16,2
DA:17,1
DA:18,1
DA:19,1
DA:21,0
DA:25,2
DA:26,1
DA:27,1
DA:28,1
DA:30,0
DA:34,2
DA:35,2
DA:36,2
DA:37,2
DA:38,1
DA:40,1
DA:44,2
DA:45,2
DA:46,2
DA:47,2
DA:48,1
DA:50,1
LF:29
LH:26
BRF:0
BRH:0
end_of_record
TN:
SF:src\categories\category.repository.ts
FN:5,(anonymous_1)
FN:9,(anonymous_2)
FN:13,(anonymous_3)
FN:19,(anonymous_4)
FN:22,(anonymous_5)
FN:26,(anonymous_6)
FN:30,(anonymous_7)
FN:34,(anonymous_8)
FNF:8
FNH:8
FNDA:3,(anonymous_1)
FNDA:8,(anonymous_2)
FNDA:2,(anonymous_3)
FNDA:3,(anonymous_4)
FNDA:4,(anonymous_5)
FNDA:3,(anonymous_6)
FNDA:3,(anonymous_7)
FNDA:3,(anonymous_8)
DA:1,6
DA:4,6
DA:6,3
DA:10,8
DA:14,2
DA:19,3
DA:22,4
DA:27,3
DA:31,3
DA:35,3
LF:10
LH:10
BRF:0
BRH:0
end_of_record
TN:
SF:src\categories\category.routes.ts
FNF:0
FNH:0
DA:1,2
DA:2,2
DA:3,2
DA:4,2
DA:6,2
DA:7,2
DA:8,2
DA:10,2
DA:12,2
DA:13,2
DA:14,2
DA:15,2
DA:16,2
DA:18,2
LF:14
LH:14
BRF:0
BRH:0
end_of_record
TN:
SF:src\categories\category.service.ts
FN:6,(anonymous_0)
FN:8,(anonymous_1)
FN:12,(anonymous_2)
FN:16,(anonymous_3)
FN:20,(anonymous_4)
FN:28,(anonymous_5)
FNF:6
FNH:6
FNDA:10,(anonymous_0)
FNDA:4,(anonymous_1)
FNDA:4,(anonymous_2)
FNDA:3,(anonymous_3)
FNDA:8,(anonymous_4)
FNDA:8,(anonymous_5)
DA:1,4
DA:5,4
DA:6,10
DA:9,4
DA:13,4
DA:17,3
DA:21,8
DA:22,8
DA:23,5
DA:25,3
DA:29,8
DA:30,8
DA:31,5
DA:33,3
LF:14
LH:14
BRDA:22,0,0,5
BRDA:22,0,1,3
BRDA:30,1,0,5
BRDA:30,1,1,3
BRF:4
BRH:4
end_of_record
TN:
SF:src\database\database.client.ts
FNF:0
FNH:0
DA:1,11
DA:2,11
DA:4,11
DA:8,11
DA:10,11
LF:5
LH:5
BRDA:5,0,0,11
BRDA:5,0,1,11
BRF:2
BRH:2
end_of_record
TN:
SF:src\inventory\inventory.controller.ts
FN:6,(anonymous_0)
FN:8,(anonymous_1)
FN:18,(anonymous_2)
FNF:3
FNH:3
FNDA:2,(anonymous_0)
FNDA:2,(anonymous_1)
FNDA:3,(anonymous_2)
DA:5,2
DA:6,2
DA:8,2
DA:9,2
DA:10,2
DA:11,2
DA:12,1
DA:14,1
DA:18,2
DA:19,3
DA:20,3
DA:21,3
DA:22,1
DA:24,2
LF:14
LH:14
BRF:0
BRH:0
end_of_record
TN:
SF:src\inventory\inventory.routes.ts
FNF:0
FNH:0
DA:1,2
DA:2,2
DA:3,2
DA:4,2
DA:5,2
DA:7,2
DA:8,2
DA:9,2
DA:10,2
DA:12,2
DA:14,2
DA:15,2
DA:17,2
LF:13
LH:13
BRF:0
BRH:0
end_of_record
TN:
SF:src\inventory\inventory.service.ts
FN:7,(anonymous_0)
FN:12,(anonymous_1)
FN:28,(anonymous_2)
FNF:3
FNH:3
FNDA:8,(anonymous_0)
FNDA:8,(anonymous_1)
FNDA:12,(anonymous_2)
DA:1,4
DA:6,4
DA:8,8
DA:9,8
DA:13,8
DA:14,8
DA:15,5
DA:17,3
DA:18,3
DA:19,3
DA:25,3
DA:29,12
DA:30,12
DA:31,4
DA:33,8
DA:34,8
DA:35,4
DA:37,4
DA:38,4
DA:44,4
LF:20
LH:20
BRDA:14,0,0,5
BRDA:14,0,1,3
BRDA:30,1,0,4
BRDA:30,1,1,8
BRDA:34,2,0,4
BRDA:34,2,1,4
BRF:6
BRH:6
end_of_record
TN:
SF:src\middleware\error.middleware.ts
FN:5,(anonymous_0)
FN:15,errorMiddleware
FNF:2
FNH:2
FNDA:44,(anonymous_0)
FNDA:14,errorMiddleware
DA:2,10
DA:4,10
DA:6,44
DA:8,44
DA:10,44
DA:11,44
DA:15,10
DA:21,14
DA:22,12
DA:23,3
DA:25,9
DA:27,12
DA:28,12
DA:31,2
DA:32,2
LF:15
LH:15
BRDA:8,0,0,36
BRDA:21,1,0,12
BRDA:21,1,1,2
BRDA:22,2,0,3
BRDA:22,2,1,9
BRF:5
BRH:5
end_of_record
TN:
SF:src\middleware\request.logger.middleware.ts
FN:4,requestLogger
FN:11,(anonymous_1)
FNF:2
FNH:2
FNDA:28,requestLogger
FNDA:27,(anonymous_1)
DA:2,3
DA:4,3
DA:9,28
DA:11,28
DA:12,27
DA:20,28
LF:6
LH:6
BRF:0
BRH:0
end_of_record
TN:
SF:src\products\product.controller.ts
FN:7,(anonymous_0)
FN:9,(anonymous_1)
FN:26,(anonymous_2)
FN:36,(anonymous_3)
FN:45,(anonymous_4)
FN:55,(anonymous_5)
FNF:6
FNH:6
FNDA:2,(anonymous_0)
FNDA:2,(anonymous_1)
FNDA:2,(anonymous_2)
FNDA:1,(anonymous_3)
FNDA:2,(anonymous_4)
FNDA:2,(anonymous_5)
DA:6,2
DA:7,2
DA:9,2
DA:10,2
DA:11,2
DA:12,2
DA:13,2
DA:14,2
DA:15,2
DA:16,2
DA:17,2
DA:18,2
DA:19,2
DA:20,2
DA:22,0
DA:26,2
DA:27,2
DA:28,2
DA:29,2
DA:30,1
DA:32,1
DA:36,2
DA:37,1
DA:38,1
DA:39,1
DA:41,0
DA:45,2
DA:46,2
DA:47,2
DA:48,2
DA:49,1
DA:51,1
DA:55,2
DA:56,2
DA:57,2
DA:58,2
DA:59,1
DA:61,1
LF:38
LH:36
BRDA:12,0,0,1
BRDA:12,0,1,1
BRDA:13,1,0,1
BRDA:13,1,1,1
BRDA:14,2,0,1
BRDA:14,2,1,1
BRDA:15,3,0,1
BRDA:15,3,1,1
BRDA:16,4,0,1
BRDA:16,4,1,1
BRDA:17,5,0,1
BRDA:17,5,1,1
BRDA:18,6,0,1
BRDA:18,6,1,1
BRF:14
BRH:14
end_of_record
TN:
SF:src\products\product.repository.ts
FN:5,(anonymous_1)
FN:26,(anonymous_2)
FN:30,(anonymous_3)
FN:34,(anonymous_4)
FN:38,(anonymous_5)
FN:42,(anonymous_6)
FNF:6
FNH:6
FNDA:10,(anonymous_1)
FNDA:15,(anonymous_2)
FNDA:3,(anonymous_3)
FNDA:3,(anonymous_4)
FNDA:4,(anonymous_5)
FNDA:3,(anonymous_6)
DA:1,8
DA:4,8
DA:6,10
DA:7,10
DA:8,10
DA:9,10
DA:11,10
DA:12,10
DA:14,10
DA:15,10
DA:16,10
DA:18,10
DA:23,10
DA:27,15
DA:31,3
DA:35,3
DA:39,4
DA:43,3
LF:18
LH:18
BRDA:5,0,0,2
BRDA:7,1,0,2
BRDA:7,1,1,8
BRDA:8,2,0,3
BRDA:8,2,1,7
BRDA:9,3,0,3
BRDA:9,3,1,7
BRDA:12,4,0,3
BRDA:12,4,1,7
BRDA:12,5,0,3
BRDA:12,5,1,0
BRDA:14,6,0,10
BRDA:14,6,1,8
BRDA:15,7,0,10
BRDA:15,7,1,8
BRF:15
BRH:14
end_of_record
TN:
SF:src\products\product.routes.ts
FNF:0
FNH:0
DA:1,2
DA:2,2
DA:3,2
DA:4,2
DA:6,2
DA:7,2
DA:8,2
DA:10,2
DA:12,2
DA:13,2
DA:14,2
DA:15,2
DA:16,2
DA:18,2
LF:14
LH:14
BRF:0
BRH:0
end_of_record
TN:
SF:src\products\product.service.ts
FN:6,(anonymous_0)
FN:8,(anonymous_1)
FN:12,(anonymous_2)
FN:20,(anonymous_3)
FN:24,(anonymous_4)
FN:32,(anonymous_5)
FNF:6
FNH:6
FNDA:12,(anonymous_0)
FNDA:10,(anonymous_1)
FNDA:8,(anonymous_2)
FNDA:3,(anonymous_3)
FNDA:7,(anonymous_4)
FNDA:7,(anonymous_5)
DA:1,4
DA:5,4
DA:6,12
DA:9,10
DA:13,8
DA:14,8
DA:15,5
DA:17,3
DA:21,3
DA:25,7
DA:26,7
DA:27,4
DA:29,3
DA:33,7
DA:34,7
DA:35,4
DA:37,3
LF:17
LH:17
BRDA:8,0,0,3
BRDA:14,1,0,5
BRDA:14,1,1,3
BRDA:26,2,0,4
BRDA:26,2,1,3
BRDA:34,3,0,4
BRDA:34,3,1,3
BRF:7
BRH:7
end_of_record
TN:
SF:src\utils\logger.ts
FNF:0
FNH:0
DA:1,7
DA:3,7
LF:2
LH:2
BRF:0
BRH:0
end_of_record
